<?xml version="1.0" encoding="UTF-8"?>
<!-- Generated by org.testng.reporters.JUnitXMLReporter -->
<testsuite ignored="0" hostname="DESKTOP-AP5M17I" failures="0" tests="8" name="Default test" time="76.561" errors="0" timestamp="2024-02-06T12:42:29 IST">
  <testcase classname="src.test.HospitalGroupSystemTest.HospitalGroupSystemTest" name="cancelGroupSystemAndGroupSystemIdData" time="22.699"/>
  <testcase classname="src.test.HospitalGroupSystemTest.HospitalGroupSystemTest" name="groupSystemBlank" time="7.411"/>
  <testcase classname="src.test.HospitalGroupSystemTest.HospitalGroupSystemTest" name="groupSystemidBlank" time="6.422"/>
  <testcase classname="src.test.HospitalGroupSystemTest.HospitalGroupSystemTest" name="loginWithBlankEmailidAndPassword" time="8.493"/>
  <testcase classname="src.test.HospitalGroupSystemTest.HospitalGroupSystemTest" name="pagination" time="8.751"/>
  <testcase classname="src.test.HospitalGroupSystemTest.HospitalGroupSystemTest" name="updatingGroupSystemAndGroupSystemId" time="6.696"/>
  <testcase classname="src.test.HospitalGroupSystemTest.HospitalGroupSystemTest" name="updatingWithoutModificationGroupSystemAndGroupSystemId" time="6.2"/>
  <testcase classname="src.test.HospitalGroupSystemTest.HospitalGroupSystemTest" name="verifyingGroupSystemFields" time="4.987"/>
</testsuite> <!-- Default test -->
