<?xml version="1.0" encoding="UTF-8"?>
<testng-results ignored="0" total="8" passed="8" failed="0" skipped="0">
  <reporter-output>
  </reporter-output>
  <suite started-at="2024-02-06T12:41:12 IST" name="Default suite" finished-at="2024-02-06T12:42:29 IST" duration-ms="76561">
    <groups>
    </groups>
    <test started-at="2024-02-06T12:41:12 IST" name="Default test" finished-at="2024-02-06T12:42:29 IST" duration-ms="76561">
      <class name="src.test.HospitalGroupSystemTest.HospitalGroupSystemTest">
        <test-method is-config="true" signature="bcConfig()[pri:0, instance:src.test.HospitalGroupSystemTest.HospitalGroupSystemTest@1e6a3214]" started-at="2024-02-06T12:41:12 IST" name="bcConfig" finished-at="2024-02-06T12:41:16 IST" duration-ms="4242" status="PASS">
          <reporter-output>
          </reporter-output>
        </test-method> <!-- bcConfig -->
        <test-method signature="cancelGroupSystemAndGroupSystemIdData()[pri:0, instance:src.test.HospitalGroupSystemTest.HospitalGroupSystemTest@1e6a3214]" started-at="2024-02-06T12:41:16 IST" name="cancelGroupSystemAndGroupSystemIdData" finished-at="2024-02-06T12:41:39 IST" duration-ms="22699" status="PASS">
          <reporter-output>
          </reporter-output>
        </test-method> <!-- cancelGroupSystemAndGroupSystemIdData -->
        <test-method signature="groupSystemBlank()[pri:0, instance:src.test.HospitalGroupSystemTest.HospitalGroupSystemTest@1e6a3214]" started-at="2024-02-06T12:41:39 IST" name="groupSystemBlank" finished-at="2024-02-06T12:41:47 IST" duration-ms="7411" status="PASS">
          <reporter-output>
          </reporter-output>
        </test-method> <!-- groupSystemBlank -->
        <test-method signature="groupSystemidBlank()[pri:0, instance:src.test.HospitalGroupSystemTest.HospitalGroupSystemTest@1e6a3214]" started-at="2024-02-06T12:41:47 IST" name="groupSystemidBlank" finished-at="2024-02-06T12:41:53 IST" duration-ms="6422" status="PASS">
          <reporter-output>
          </reporter-output>
        </test-method> <!-- groupSystemidBlank -->
        <test-method signature="loginWithBlankEmailidAndPassword()[pri:0, instance:src.test.HospitalGroupSystemTest.HospitalGroupSystemTest@1e6a3214]" started-at="2024-02-06T12:41:53 IST" name="loginWithBlankEmailidAndPassword" finished-at="2024-02-06T12:42:01 IST" duration-ms="8493" status="PASS">
          <reporter-output>
          </reporter-output>
        </test-method> <!-- loginWithBlankEmailidAndPassword -->
        <test-method signature="pagination()[pri:0, instance:src.test.HospitalGroupSystemTest.HospitalGroupSystemTest@1e6a3214]" started-at="2024-02-06T12:42:01 IST" name="pagination" finished-at="2024-02-06T12:42:10 IST" duration-ms="8751" status="PASS">
          <reporter-output>
          </reporter-output>
        </test-method> <!-- pagination -->
        <test-method signature="updatingGroupSystemAndGroupSystemId()[pri:0, instance:src.test.HospitalGroupSystemTest.HospitalGroupSystemTest@1e6a3214]" started-at="2024-02-06T12:42:10 IST" name="updatingGroupSystemAndGroupSystemId" finished-at="2024-02-06T12:42:17 IST" duration-ms="6696" status="PASS">
          <reporter-output>
          </reporter-output>
        </test-method> <!-- updatingGroupSystemAndGroupSystemId -->
        <test-method signature="updatingWithoutModificationGroupSystemAndGroupSystemId()[pri:0, instance:src.test.HospitalGroupSystemTest.HospitalGroupSystemTest@1e6a3214]" started-at="2024-02-06T12:42:17 IST" name="updatingWithoutModificationGroupSystemAndGroupSystemId" finished-at="2024-02-06T12:42:23 IST" duration-ms="6200" status="PASS">
          <reporter-output>
          </reporter-output>
        </test-method> <!-- updatingWithoutModificationGroupSystemAndGroupSystemId -->
        <test-method signature="verifyingGroupSystemFields()[pri:0, instance:src.test.HospitalGroupSystemTest.HospitalGroupSystemTest@1e6a3214]" started-at="2024-02-06T12:42:23 IST" name="verifyingGroupSystemFields" finished-at="2024-02-06T12:42:28 IST" duration-ms="4987" status="PASS">
          <reporter-output>
          </reporter-output>
        </test-method> <!-- verifyingGroupSystemFields -->
        <test-method is-config="true" signature="acConfig()[pri:0, instance:src.test.HospitalGroupSystemTest.HospitalGroupSystemTest@1e6a3214]" started-at="2024-02-06T12:42:28 IST" name="acConfig" finished-at="2024-02-06T12:42:29 IST" duration-ms="583" status="PASS">
          <reporter-output>
          </reporter-output>
        </test-method> <!-- acConfig -->
      </class> <!-- src.test.HospitalGroupSystemTest.HospitalGroupSystemTest -->
    </test> <!-- Default test -->
  </suite> <!-- Default suite -->
</testng-results>
